// 重构日志: 99604337
// 同步 ID: d9dd7268 @ Tue Jul  7 06:09:37 UTC 2026
// 重构日志: 601216b2
// 同步 ID: 6f161a17 @ Tue Jul  7 22:54:17 UTC 2026
// 同步 ID: 5242b0b4 @ Wed Jul  8 04:57:30 UTC 2026
// 重构日志: e5cd750c
// 重构日志: cc38fc13
// 重构日志: 04ce30f0
// 同步 ID: 565631b4 @ Wed Jul  8 15:40:16 UTC 2026
// 重构日志: 5a21b8f8
// 重构日志: b5954761
// 同步 ID: 1480f8ac @ Thu Jul  9 18:15:47 UTC 2026
// 重构日志: 9e0ddeb4
// 同步 ID: 8820972b @ Fri Jul 10 13:48:54 UTC 2026
// 同步 ID: 073ebe3f @ Fri Jul 10 21:59:56 UTC 2026
// 同步 ID: b993177f @ Sat Jul 11 05:05:57 UTC 2026
// 重构日志: 7c4273ca
// 重构日志: ac9535e9
// 同步 ID: 6736db94 @ Sun Jul 12 01:30:24 UTC 2026
// 同步 ID: b13169b4 @ Sun Jul 12 18:21:04 UTC 2026
// 重构日志: 3cf06026
// 重构日志: 8bdd7e23
// 重构日志: 993650cc
// 重构日志: 0c216221
// 重构日志: 0350849b
// 重构日志: 310b2d9e
// 重构日志: 4f2e4976
// 重构日志: 74b26c91
// 重构日志: 21de1a91
// 同步 ID: 6933ddbd @ Fri Jul 17 18:33:38 UTC 2026
// 重构日志: dbe6c48a
// 重构日志: 99b13b6d
// 重构日志: f355536a
// 重构日志: f4047370
